<?xml version="1.0" encoding="UTF-8"?>
<!-- Generated by org.testng.reporters.JUnitXMLReporter -->
<testsuite ignored="0" hostname="DESKTOP-1M70PBH" failures="0" tests="4" name="Test" time="96.384" errors="0" timestamp="2025-07-08T07:52:37 IST">
  <testcase classname="DNREC_AQ.OpenBurn_Agricuture" name="EndtoEnd_OpenBurn_Agricutural" time="42.393"/>
  <testcase classname="DNREC_AQ.OpenBurn_Agricuture" name="TestOne" time="0.004"/>
  <testcase classname="DNREC_AQ.OpenBurn_Agricuture" name="TestOne" time="0.002"/>
  <testcase classname="DNREC_AQ.OpenBurn_Agricuture" name="TestOne" time="0.002"/>
</testsuite> <!-- Test -->
