<?xml version="1.0" encoding="UTF-8"?>
<testng-results ignored="0" total="4" passed="3" failed="1" skipped="0">
  <reporter-output>
  </reporter-output>
  <suite started-at="2025-07-08T17:12:51 IST" name="Default suite" finished-at="2025-07-08T17:13:49 IST" duration-ms="57864">
    <groups>
    </groups>
    <test started-at="2025-07-08T17:12:51 IST" name="Default test" finished-at="2025-07-08T17:13:49 IST" duration-ms="57864">
      <class name="DNREC_AQ.OpenBurn_Agricuture">
        <test-method is-config="true" signature="LaunchApp()[pri:0, instance:DNREC_AQ.OpenBurn_Agricuture@3857f613]" started-at="2025-07-08T17:12:51 IST" name="LaunchApp" finished-at="2025-07-08T17:13:27 IST" duration-ms="35819" status="PASS">
          <reporter-output>
          </reporter-output>
        </test-method> <!-- LaunchApp -->
        <test-method signature="EndtoEnd_OpenBurn_Agricutural()[pri:0, instance:DNREC_AQ.OpenBurn_Agricuture@3857f613]" started-at="2025-07-08T17:13:27 IST" name="EndtoEnd_OpenBurn_Agricutural" finished-at="2025-07-08T17:13:48 IST" duration-ms="20783" status="FAIL">
          <exception class="org.openqa.selenium.InvalidSelectorException">
            <message>
              <![CDATA[invalid selector: Unable to locate an element with the xpath expression //div[contains(@id,'placeholder-exp-select')])[2] because of the following error:
SyntaxError: Failed to execute 'evaluate' on 'Document': The string '//div[contains(@id,'placeholder-exp-select')])[2]' is not a valid XPath expression.
  (Session info: chrome=138.0.7204.97)
For documentation on this error, please visit: https://www.selenium.dev/documentation/webdriver/troubleshooting/errors#invalid-selector-exception
Build info: version: '4.32.0', revision: 'd17c8aa950'
System info: os.name: 'Windows 11', os.arch: 'amd64', os.version: '10.0', java.version: '21.0.7'
Driver info: org.openqa.selenium.chrome.ChromeDriver
Command: [732f445543df1e5a41de26306efa65ab, findElement {value=//div[contains(@id,'placeholder-exp-select')])[2], using=xpath}]
Capabilities {acceptInsecureCerts: false, browserName: chrome, browserVersion: 138.0.7204.97, chrome: {chromedriverVersion: 138.0.7204.92 (f079b9bc781e..., userDataDir: C:\Users\SIDHARTH\AppData\L...}, fedcm:accounts: true, goog:chromeOptions: {debuggerAddress: localhost:59589}, networkConnectionEnabled: false, pageLoadStrategy: normal, platformName: windows, proxy: Proxy(), se:cdp: ws://localhost:59589/devtoo..., se:cdpVersion: 138.0.7204.97, setWindowRect: true, strictFileInteractability: false, timeouts: {implicit: 0, pageLoad: 300000, script: 30000}, unhandledPromptBehavior: dismiss and notify, webauthn:extension:credBlob: true, webauthn:extension:largeBlob: true, webauthn:extension:minPinLength: true, webauthn:extension:prf: true, webauthn:virtualAuthenticators: true}
Session ID: 732f445543df1e5a41de26306efa65ab]]>
            </message>
            <full-stacktrace>
              <![CDATA[org.openqa.selenium.InvalidSelectorException: invalid selector: Unable to locate an element with the xpath expression //div[contains(@id,'placeholder-exp-select')])[2] because of the following error:
SyntaxError: Failed to execute 'evaluate' on 'Document': The string '//div[contains(@id,'placeholder-exp-select')])[2]' is not a valid XPath expression.
  (Session info: chrome=138.0.7204.97)
For documentation on this error, please visit: https://www.selenium.dev/documentation/webdriver/troubleshooting/errors#invalid-selector-exception
Build info: version: '4.32.0', revision: 'd17c8aa950'
System info: os.name: 'Windows 11', os.arch: 'amd64', os.version: '10.0', java.version: '21.0.7'
Driver info: org.openqa.selenium.chrome.ChromeDriver
Command: [732f445543df1e5a41de26306efa65ab, findElement {value=//div[contains(@id,'placeholder-exp-select')])[2], using=xpath}]
Capabilities {acceptInsecureCerts: false, browserName: chrome, browserVersion: 138.0.7204.97, chrome: {chromedriverVersion: 138.0.7204.92 (f079b9bc781e..., userDataDir: C:\Users\SIDHARTH\AppData\L...}, fedcm:accounts: true, goog:chromeOptions: {debuggerAddress: localhost:59589}, networkConnectionEnabled: false, pageLoadStrategy: normal, platformName: windows, proxy: Proxy(), se:cdp: ws://localhost:59589/devtoo..., se:cdpVersion: 138.0.7204.97, setWindowRect: true, strictFileInteractability: false, timeouts: {implicit: 0, pageLoad: 300000, script: 30000}, unhandledPromptBehavior: dismiss and notify, webauthn:extension:credBlob: true, webauthn:extension:largeBlob: true, webauthn:extension:minPinLength: true, webauthn:extension:prf: true, webauthn:virtualAuthenticators: true}
Session ID: 732f445543df1e5a41de26306efa65ab
at java.base/jdk.internal.reflect.DirectConstructorHandleAccessor.newInstance(DirectConstructorHandleAccessor.java:62)
at java.base/java.lang.reflect.Constructor.newInstanceWithCaller(Constructor.java:502)
at java.base/java.lang.reflect.Constructor.newInstance(Constructor.java:486)
at org.openqa.selenium.remote.ErrorCodec.decode(ErrorCodec.java:167)
at org.openqa.selenium.remote.codec.w3c.W3CHttpResponseCodec.decode(W3CHttpResponseCodec.java:138)
at org.openqa.selenium.remote.codec.w3c.W3CHttpResponseCodec.decode(W3CHttpResponseCodec.java:50)
at org.openqa.selenium.remote.HttpCommandExecutor.execute(HttpCommandExecutor.java:215)
at org.openqa.selenium.remote.service.DriverCommandExecutor.invokeExecute(DriverCommandExecutor.java:216)
at org.openqa.selenium.remote.service.DriverCommandExecutor.execute(DriverCommandExecutor.java:174)
at org.openqa.selenium.remote.RemoteWebDriver.execute(RemoteWebDriver.java:545)
at org.openqa.selenium.remote.ElementLocation$ElementFinder$2.findElement(ElementLocation.java:165)
at org.openqa.selenium.remote.ElementLocation.findElement(ElementLocation.java:59)
at org.openqa.selenium.remote.RemoteWebDriver.findElement(RemoteWebDriver.java:368)
at org.openqa.selenium.remote.RemoteWebDriver.findElement(RemoteWebDriver.java:362)
at org.openqa.selenium.support.pagefactory.DefaultElementLocator.findElement(DefaultElementLocator.java:68)
at org.openqa.selenium.support.pagefactory.internal.LocatingElementHandler.invoke(LocatingElementHandler.java:38)
at jdk.proxy2/jdk.proxy2.$Proxy13.click(Unknown Source)
at DNREC_Pageobject.Open_Burn_Agricutural_Page.Select_OpenBurn_Agricutural(Open_Burn_Agricutural_Page.java:56)
at DNREC_AQ.OpenBurn_Agricuture.EndtoEnd_OpenBurn_Agricutural(OpenBurn_Agricuture.java:23)
at java.base/jdk.internal.reflect.DirectMethodHandleAccessor.invoke(DirectMethodHandleAccessor.java:103)
at java.base/java.lang.reflect.Method.invoke(Method.java:580)
at org.testng.internal.invokers.MethodInvocationHelper.invokeMethod(MethodInvocationHelper.java:141)
at org.testng.internal.invokers.TestInvoker.invokeMethod(TestInvoker.java:686)
at org.testng.internal.invokers.TestInvoker.invokeTestMethod(TestInvoker.java:230)
at org.testng.internal.invokers.MethodRunner.runInSequence(MethodRunner.java:63)
at org.testng.internal.invokers.TestInvoker$MethodInvocationAgent.invoke(TestInvoker.java:992)
at org.testng.internal.invokers.TestInvoker.invokeTestMethods(TestInvoker.java:203)
at org.testng.internal.invokers.TestMethodWorker.invokeTestMethods(TestMethodWorker.java:154)
at org.testng.internal.invokers.TestMethodWorker.run(TestMethodWorker.java:134)
at java.base/java.util.ArrayList.forEach(ArrayList.java:1596)
at org.testng.TestRunner.privateRun(TestRunner.java:739)
at org.testng.TestRunner.run(TestRunner.java:614)
at org.testng.SuiteRunner.runTest(SuiteRunner.java:421)
at org.testng.SuiteRunner.runSequentially(SuiteRunner.java:413)
at org.testng.SuiteRunner.privateRun(SuiteRunner.java:373)
at org.testng.SuiteRunner.run(SuiteRunner.java:312)
at org.testng.SuiteRunnerWorker.runSuite(SuiteRunnerWorker.java:52)
at org.testng.SuiteRunnerWorker.run(SuiteRunnerWorker.java:95)
at org.testng.TestNG.runSuitesSequentially(TestNG.java:1274)
at org.testng.TestNG.runSuitesLocally(TestNG.java:1208)
at org.testng.TestNG.runSuites(TestNG.java:1112)
at org.testng.TestNG.run(TestNG.java:1079)
at org.testng.remote.AbstractRemoteTestNG.run(AbstractRemoteTestNG.java:115)
at org.testng.remote.RemoteTestNG.initAndRun(RemoteTestNG.java:293)
at org.testng.remote.RemoteTestNG.main(RemoteTestNG.java:91)
]]>
            </full-stacktrace>
          </exception> <!-- org.openqa.selenium.InvalidSelectorException -->
          <reporter-output>
          </reporter-output>
        </test-method> <!-- EndtoEnd_OpenBurn_Agricutural -->
        <test-method signature="TestOne(java.util.HashMap)[pri:0, instance:DNREC_AQ.OpenBurn_Agricuture@3857f613]" started-at="2025-07-08T17:13:48 IST" name="TestOne" data-provider="getData" finished-at="2025-07-08T17:13:48 IST" duration-ms="9" status="PASS">
          <params>
            <param index="0">
              <value>
                <![CDATA[{email=sidhartha+19@expertly.cloud, Password=Test@1234}]]>
              </value>
            </param>
          </params>
          <reporter-output>
          </reporter-output>
        </test-method> <!-- TestOne -->
        <test-method signature="TestOne(java.util.HashMap)[pri:0, instance:DNREC_AQ.OpenBurn_Agricuture@3857f613]" started-at="2025-07-08T17:13:48 IST" name="TestOne" data-provider="getData" finished-at="2025-07-08T17:13:48 IST" duration-ms="1" status="PASS">
          <params>
            <param index="0">
              <value>
                <![CDATA[{email=sidhartha+20@expertly.cloud, Password=Test@12345}]]>
              </value>
            </param>
          </params>
          <reporter-output>
          </reporter-output>
        </test-method> <!-- TestOne -->
        <test-method signature="TestOne(java.util.HashMap)[pri:0, instance:DNREC_AQ.OpenBurn_Agricuture@3857f613]" started-at="2025-07-08T17:13:48 IST" name="TestOne" data-provider="getData" finished-at="2025-07-08T17:13:48 IST" duration-ms="2" status="PASS">
          <params>
            <param index="0">
              <value>
                <![CDATA[{email=sidhartha+20@expertly.cloud, Password=Test@12345}]]>
              </value>
            </param>
          </params>
          <reporter-output>
          </reporter-output>
        </test-method> <!-- TestOne -->
        <test-method is-config="true" signature="CloseApp()[pri:0, instance:DNREC_AQ.OpenBurn_Agricuture@3857f613]" started-at="2025-07-08T17:13:48 IST" name="CloseApp" finished-at="2025-07-08T17:13:49 IST" duration-ms="950" status="PASS">
          <reporter-output>
          </reporter-output>
        </test-method> <!-- CloseApp -->
      </class> <!-- DNREC_AQ.OpenBurn_Agricuture -->
    </test> <!-- Default test -->
  </suite> <!-- Default suite -->
</testng-results>
